<?xml version="1.0" encoding="UTF-8"?>
<!-- Generated by org.testng.reporters.JUnitXMLReporter -->
<testsuite ignored="0" hostname="LTIN431151" failures="1" tests="2" name="Default test" time="0.565" errors="0" timestamp="2026-02-08T17:09:22 IST">
  <testcase classname="io.cucumber.testng.AbstractTestNGCucumberTests" name="runScenario" time="0.111"/>
  <testcase classname="io.cucumber.testng.AbstractTestNGCucumberTests" name="runScenario" time="0.066">
    <failure type="io.cucumber.testng.UndefinedStepException" message="The step &amp;apos;InValidUser open the browser&amp;apos; and 3 other step(s) are undefined.
You can implement these steps using the snippet(s) below:

@Given(&amp;quot;InValidUser open the browser&amp;quot;)
public void inValidUserOpenTheBrowser() {
    // Write code here that turns the phrase above into concrete actions
    throw new io.cucumber.java.PendingException();
}
@Given(&amp;quot;InValid user navigates to login page&amp;quot;)
public void inValidUserNavigatesToLoginPage() {
    // Write code here that turns the phrase above into concrete actions
    throw new io.cucumber.java.PendingException();
}
@When(&amp;quot;InValid user enters as standard_user and secret_sauce&amp;quot;)
public void inValidUserEntersAsStandardUserAndSecretSauce() {
    // Write code here that turns the phrase above into concrete actions
    throw new io.cucumber.java.PendingException();
}
@Then(&amp;quot;InValid we need to see home page&amp;quot;)
public void inValidWeNeedToSeeHomePage() {
    // Write code here that turns the phrase above into concrete actions
    throw new io.cucumber.java.PendingException();
}
">
      <![CDATA[io.cucumber.testng.UndefinedStepException: The step 'InValidUser open the browser' and 3 other step(s) are undefined.
You can implement these steps using the snippet(s) below:

@Given("InValidUser open the browser")
public void inValidUserOpenTheBrowser() {
    // Write code here that turns the phrase above into concrete actions
    throw new io.cucumber.java.PendingException();
}
@Given("InValid user navigates to login page")
public void inValidUserNavigatesToLoginPage() {
    // Write code here that turns the phrase above into concrete actions
    throw new io.cucumber.java.PendingException();
}
@When("InValid user enters as standard_user and secret_sauce")
public void inValidUserEntersAsStandardUserAndSecretSauce() {
    // Write code here that turns the phrase above into concrete actions
    throw new io.cucumber.java.PendingException();
}
@Then("InValid we need to see home page")
public void inValidWeNeedToSeeHomePage() {
    // Write code here that turns the phrase above into concrete actions
    throw new io.cucumber.java.PendingException();
}

at ✽.InValidUser open the browser(file:///C:/Users/2252407/eclipse-workspace/CucumberLearnings/src/test/java/cucumberExample/login.feature:10)
]]>
    </failure>
  </testcase> <!-- runScenario -->
</testsuite> <!-- Default test -->
