<?xml version="1.0" encoding="UTF-8"?>
<testng-results ignored="0" total="1" passed="1" failed="0" skipped="0">
  <reporter-output>
  </reporter-output>
  <suite started-at="2026-02-16T00:00:05 IST" name="Default suite" finished-at="2026-02-16T00:00:12 IST" duration-ms="7273">
    <groups>
      <group name="cucumber">
        <method signature="AbstractTestNGCucumberTests.runScenario(io.cucumber.testng.PickleWrapper,io.cucumber.testng.FeatureWrapper)[pri:0, instance:testRunner.HooksExampleRunner@65987993]" name="runScenario" class="io.cucumber.testng.AbstractTestNGCucumberTests"/>
      </group> <!-- cucumber -->
    </groups>
    <test started-at="2026-02-16T00:00:05 IST" name="Default test" finished-at="2026-02-16T00:00:12 IST" duration-ms="7273">
      <class name="testRunner.HooksExampleRunner">
        <test-method is-config="true" signature="setUpClass(org.testng.ITestContext)[pri:0, instance:testRunner.HooksExampleRunner@65987993]" started-at="2026-02-16T00:00:05 IST" name="setUpClass" finished-at="2026-02-16T00:00:05 IST" duration-ms="278" status="PASS">
          <params>
            <param index="0">
              <value>
                <![CDATA[org.testng.TestRunner@22d9c961]]>
              </value>
            </param>
          </params>
          <reporter-output>
          </reporter-output>
        </test-method> <!-- setUpClass -->
        <test-method signature="runScenario(io.cucumber.testng.PickleWrapper,io.cucumber.testng.FeatureWrapper)[pri:0, instance:testRunner.HooksExampleRunner@65987993]" started-at="2026-02-16T00:00:05 IST" name="runScenario" description="Runs Cucumber Scenarios" data-provider="scenarios" finished-at="2026-02-16T00:00:12 IST" duration-ms="6935" status="PASS">
          <params>
            <param index="0">
              <value>
                <![CDATA["Valid login"]]>
              </value>
            </param>
            <param index="1">
              <value>
                <![CDATA["Login Functionality"]]>
              </value>
            </param>
          </params>
          <reporter-output>
          </reporter-output>
        </test-method> <!-- runScenario -->
        <test-method is-config="true" signature="tearDownClass()[pri:0, instance:testRunner.HooksExampleRunner@65987993]" started-at="2026-02-16T00:00:12 IST" name="tearDownClass" finished-at="2026-02-16T00:00:12 IST" duration-ms="3" status="PASS">
          <reporter-output>
          </reporter-output>
        </test-method> <!-- tearDownClass -->
      </class> <!-- testRunner.HooksExampleRunner -->
    </test> <!-- Default test -->
  </suite> <!-- Default suite -->
</testng-results>
