<?xml version="1.0" encoding="UTF-8"?>
<!-- Generated by org.testng.reporters.JUnitReportReporter -->
<testsuite hostname="LTIN431151" failures="0" tests="3" name="testRunner.RunnerFile" time="32.842" errors="0" timestamp="2026-02-09T20:49:44 IST" skipped="0">
  <testcase classname="testRunner.RunnerFile" name="runScenario" time="10.661"/>
  <testcase classname="testRunner.RunnerFile" name="runScenario" time="10.141"/>
  <testcase classname="testRunner.RunnerFile" name="runScenario" time="12.040"/>
</testsuite> <!-- testRunner.RunnerFile -->
