<?xml version="1.0" encoding="UTF-8"?>
<!-- Generated by org.testng.reporters.JUnitReportReporter -->
<testsuite hostname="LTIN431151" failures="0" tests="6" name="testRunner.RunnerFile" time="43.360" errors="0" timestamp="2026-02-11T22:53:14 IST" skipped="0">
  <testcase classname="testRunner.RunnerFile" name="runScenario" time="6.372"/>
  <testcase classname="testRunner.RunnerFile" name="runScenario" time="6.800"/>
  <testcase classname="testRunner.RunnerFile" name="runScenario" time="7.829"/>
  <testcase classname="testRunner.RunnerFile" name="runScenario" time="7.542"/>
  <testcase classname="testRunner.RunnerFile" name="runScenario" time="7.244"/>
  <testcase classname="testRunner.RunnerFile" name="runScenario" time="7.573"/>
</testsuite> <!-- testRunner.RunnerFile -->
